Arguments: 
  /Users/alexandre/.nvm/versions/node/v16.14.0/bin/node /Users/alexandre/.nvm/versions/node/v16.14.0/bin/yarn publish

PATH: 
  /Users/alexandre/.nvm/versions/node/v16.14.0/bin:/opt/homebrew/bin:/opt/homebrew/sbin:/usr/local/bin:/usr/bin:/bin:/usr/sbin:/sbin:/Library/Apple/usr/bin:/Users/alexandre/Dev/Side-projects/monaco-tree/node_modules/.bin

Yarn version: 
  1.22.17

Node version: 
  16.14.0

Platform: 
  darwin arm64

Trace: 
  Error: canceled
      at Interface.<anonymous> (/Users/alexandre/.nvm/versions/node/v16.14.0/lib/node_modules/yarn/lib/cli.js:137143:13)
      at Interface.emit (node:events:520:28)
      at Interface._ttyWrite (node:readline:1081:16)
      at ReadStream.onkeypress (node:readline:288:10)
      at ReadStream.emit (node:events:520:28)
      at emitKeys (node:internal/readline/utils:358:14)
      at emitKeys.next (<anonymous>)
      at ReadStream.onData (node:internal/readline/emitKeypressEvents:61:36)
      at ReadStream.emit (node:events:520:28)
      at addChunk (node:internal/streams/readable:315:12)

npm manifest: 
  {
    "name": "ngx-monaco-tree",
    "version": "1.0.0",
    "peerDependencies": {
      "@angular/common": "^13.2.0",
      "@angular/core": "^13.2.0",
      "@vscode/codicons": "^0.0.27"
    },
    "dependencies": {
      "tslib": "^2.3.0"
    }
  }

yarn manifest: 
  No manifest

Lockfile: 
  # THIS IS AN AUTOGENERATED FILE. DO NOT EDIT THIS FILE DIRECTLY.
  # yarn lockfile v1
  
  
  "@vscode/codicons@^0.0.27":
    version "0.0.27"
    resolved "https://registry.yarnpkg.com/@vscode/codicons/-/codicons-0.0.27.tgz#3b842cbcfb478e1c9e1dc6efbbdedd059cc3e567"
    integrity sha512-NpLkfzPfEOO6s2HH+ISITlaXKYB2XeoYZQY2IV39EaJV3NIBygiLqybHrVtKbaDFfeXyP8McmvvnbWd6YykpGg==
  
  tslib@^2.3.0:
    version "2.3.1"
    resolved "https://registry.yarnpkg.com/tslib/-/tslib-2.3.1.tgz#e8a335add5ceae51aa261d32a490158ef042ef01"
    integrity sha512-77EbyPPpMz+FRFRuAFlWMtmgUWGe9UOG2Z25NqCwiIjRhOf5iKGuzSe5P2w1laq+FkRy4p+PCuVkJSGkzTEKVw==
